<?xml version="1.0" encoding="UTF-8"?>
<testsuite xmlns:xsi="http://www.w3.org/2001/XMLSchema-instance" xsi:noNamespaceSchemaLocation="https://maven.apache.org/surefire/maven-surefire-plugin/xsd/surefire-test-report-3.0.xsd" version="3.0" name="com.example.ehb.ApplicationTests" time="4.404" tests="1" errors="0" skipped="0" failures="0">
  <properties>
[...]
</properties>
  <testcase name="contextLoads" classname="com.example.ehb.ApplicationTests" time="0.423">
    <system-out><![CDATA[14:43:31.395 [main] INFO org.springframework.test.context.support.AnnotationConfigContextLoaderUtils -- Could not detect default configuration classes for test class [com.example.ehb.ApplicationTests]: ApplicationTests does not declare any static, non-private, non-final, nested classes annotated with @Configuration.
14:43:31.494 [main] INFO org.springframework.boot.test.context.SpringBootTestContextBootstrapper -- Found @SpringBootConfiguration com.example.ehb.Application for test class com.example.ehb.ApplicationTests
  .   ____          _            __ _ _
 /\\ / ___'_ __ _ _(_)_ __  __ _ \ \ \ \
( ( )\___ | '_ | '_| | '_ \/ _` | \ \ \ \
 \\/  ___)| |_)| | | | | || (_| |  ) ) ) )
  '  |____| .__|_| |_|_| |_\__, | / / / /
 =========|_|==============|___/=/_/_/_/

 :: Spring Boot ::                (v3.3.0)

2024-06-12T14:43:31.863+02:00  INFO 15240 --- [anderlechtse-gazet] [           main] com.example.ehb.ApplicationTests         : Starting ApplicationTests using Java 20.0.2 with PID 15240 (started by Sejeo in C:\Users\Sejeo\IdeaProjects\charles.wong.spring.final-master\charles.wong)
2024-06-12T14:43:31.864+02:00  INFO 15240 --- [anderlechtse-gazet] [           main] com.example.ehb.ApplicationTests         : No active profile set, falling back to 1 default profile: "default"
2024-06-12T14:43:32.443+02:00  INFO 15240 --- [anderlechtse-gazet] [           main] .s.d.r.c.RepositoryConfigurationDelegate : Bootstrapping Spring Data JPA repositories in DEFAULT mode.
2024-06-12T14:43:32.505+02:00  INFO 15240 --- [anderlechtse-gazet] [           main] .s.d.r.c.RepositoryConfigurationDelegate : Finished Spring Data repository scanning in 53 ms. Found 1 JPA repository interface.
2024-06-12T14:43:32.935+02:00  INFO 15240 --- [anderlechtse-gazet] [           main] o.hibernate.jpa.internal.util.LogHelper  : HHH000204: Processing PersistenceUnitInfo [name: default]
2024-06-12T14:43:33.021+02:00  INFO 15240 --- [anderlechtse-gazet] [           main] org.hibernate.Version                    : HHH000412: Hibernate ORM core version 6.5.2.Final
2024-06-12T14:43:33.064+02:00  INFO 15240 --- [anderlechtse-gazet] [           main] o.h.c.internal.RegionFactoryInitiator    : HHH000026: Second-level cache disabled
2024-06-12T14:43:33.418+02:00  INFO 15240 --- [anderlechtse-gazet] [           main] o.s.o.j.p.SpringPersistenceUnitInfo      : No LoadTimeWeaver setup: ignoring JPA class transformer
2024-06-12T14:43:33.448+02:00  INFO 15240 --- [anderlechtse-gazet] [           main] com.zaxxer.hikari.HikariDataSource       : HikariPool-1 - Starting...
2024-06-12T14:43:33.616+02:00  INFO 15240 --- [anderlechtse-gazet] [           main] com.zaxxer.hikari.pool.HikariPool        : HikariPool-1 - Added connection conn0: url=jdbc:h2:mem:testdb user=SA
2024-06-12T14:43:33.617+02:00  INFO 15240 --- [anderlechtse-gazet] [           main] com.zaxxer.hikari.HikariDataSource       : HikariPool-1 - Start completed.
2024-06-12T14:43:34.430+02:00  INFO 15240 --- [anderlechtse-gazet] [           main] o.h.e.t.j.p.i.JtaPlatformInitiator       : HHH000489: No JTA platform available (set 'hibernate.transaction.jta.platform' to enable JTA platform integration)
2024-06-12T14:43:34.463+02:00  INFO 15240 --- [anderlechtse-gazet] [           main] j.LocalContainerEntityManagerFactoryBean : Initialized JPA EntityManagerFactory for persistence unit 'default'
2024-06-12T14:43:34.837+02:00  WARN 15240 --- [anderlechtse-gazet] [           main] JpaBaseConfiguration$JpaWebConfiguration : spring.jpa.open-in-view is enabled by default. Therefore, database queries may be performed during view rendering. Explicitly configure spring.jpa.open-in-view to disable this warning
2024-06-12T14:43:34.859+02:00  INFO 15240 --- [anderlechtse-gazet] [           main] o.s.b.a.w.s.WelcomePageHandlerMapping    : Adding welcome page template: index
2024-06-12T14:43:35.162+02:00  INFO 15240 --- [anderlechtse-gazet] [           main] o.s.b.a.h2.H2ConsoleAutoConfiguration    : H2 console available at '/h2-console'. Database available at 'jdbc:h2:mem:testdb'
2024-06-12T14:43:35.201+02:00  INFO 15240 --- [anderlechtse-gazet] [           main] com.example.ehb.ApplicationTests         : Started ApplicationTests in 3.56 seconds (process running for 4.421)
]]></system-out>
  </testcase>
</testsuite>